2017-05-18 19:07:45,682 [DEBUG] org.apache.http.client.protocol.RequestAddCookies  - CookieSpec selected: default
2017-05-18 19:07:45,698 [DEBUG] org.apache.http.client.protocol.RequestAuthCache  - Auth cache not set in the context
2017-05-18 19:07:45,698 [DEBUG] org.apache.http.impl.conn.PoolingHttpClientConnectionManager  - Connection request: [route: {}->http://localhost:23850][total kept alive: 0; route allocated: 0 of 2000; total allocated: 0 of 2000]
2017-05-18 19:07:45,713 [DEBUG] org.apache.http.impl.conn.PoolingHttpClientConnectionManager  - Connection leased: [id: 0][route: {}->http://localhost:23850][total kept alive: 0; route allocated: 1 of 2000; total allocated: 1 of 2000]
2017-05-18 19:07:45,713 [DEBUG] org.apache.http.impl.execchain.MainClientExec  - Opening connection {}->http://localhost:23850
2017-05-18 19:07:45,713 [DEBUG] org.apache.http.impl.conn.DefaultHttpClientConnectionOperator  - Connecting to localhost/127.0.0.1:23850
2017-05-18 19:07:45,713 [DEBUG] org.apache.http.impl.conn.DefaultHttpClientConnectionOperator  - Connection established 127.0.0.1:53753<->127.0.0.1:23850
2017-05-18 19:07:45,713 [DEBUG] org.apache.http.impl.conn.DefaultManagedHttpClientConnection  - http-outgoing-0: set socket timeout to 10800000
2017-05-18 19:07:45,713 [DEBUG] org.apache.http.impl.execchain.MainClientExec  - Executing request POST /session HTTP/1.1
2017-05-18 19:07:45,713 [DEBUG] org.apache.http.impl.execchain.MainClientExec  - Target auth state: UNCHALLENGED
2017-05-18 19:07:45,713 [DEBUG] org.apache.http.impl.execchain.MainClientExec  - Proxy auth state: UNCHALLENGED
2017-05-18 19:07:45,713 [DEBUG] org.apache.http.headers  - http-outgoing-0 >> POST /session HTTP/1.1
2017-05-18 19:07:45,713 [DEBUG] org.apache.http.headers  - http-outgoing-0 >> Content-Type: application/json; charset=utf-8
2017-05-18 19:07:45,713 [DEBUG] org.apache.http.headers  - http-outgoing-0 >> Content-Length: 661
2017-05-18 19:07:45,713 [DEBUG] org.apache.http.headers  - http-outgoing-0 >> Host: localhost:23850
2017-05-18 19:07:45,713 [DEBUG] org.apache.http.headers  - http-outgoing-0 >> Connection: Keep-Alive
2017-05-18 19:07:45,713 [DEBUG] org.apache.http.headers  - http-outgoing-0 >> User-Agent: Apache-HttpClient/4.5.2 (Java/1.8.0_131)
2017-05-18 19:07:45,713 [DEBUG] org.apache.http.headers  - http-outgoing-0 >> Accept-Encoding: gzip,deflate
2017-05-18 19:07:45,713 [DEBUG] org.apache.http.wire  - http-outgoing-0 >> "POST /session HTTP/1.1[\r][\n]"
2017-05-18 19:07:45,713 [DEBUG] org.apache.http.wire  - http-outgoing-0 >> "Content-Type: application/json; charset=utf-8[\r][\n]"
2017-05-18 19:07:45,713 [DEBUG] org.apache.http.wire  - http-outgoing-0 >> "Content-Length: 661[\r][\n]"
2017-05-18 19:07:45,713 [DEBUG] org.apache.http.wire  - http-outgoing-0 >> "Host: localhost:23850[\r][\n]"
2017-05-18 19:07:45,713 [DEBUG] org.apache.http.wire  - http-outgoing-0 >> "Connection: Keep-Alive[\r][\n]"
2017-05-18 19:07:45,713 [DEBUG] org.apache.http.wire  - http-outgoing-0 >> "User-Agent: Apache-HttpClient/4.5.2 (Java/1.8.0_131)[\r][\n]"
2017-05-18 19:07:45,713 [DEBUG] org.apache.http.wire  - http-outgoing-0 >> "Accept-Encoding: gzip,deflate[\r][\n]"
2017-05-18 19:07:45,713 [DEBUG] org.apache.http.wire  - http-outgoing-0 >> "[\r][\n]"
2017-05-18 19:07:45,713 [DEBUG] org.apache.http.wire  - http-outgoing-0 >> "{[\n]"
2017-05-18 19:07:45,713 [DEBUG] org.apache.http.wire  - http-outgoing-0 >> "  "desiredCapabilities": {[\n]"
2017-05-18 19:07:45,713 [DEBUG] org.apache.http.wire  - http-outgoing-0 >> "    "browserName": "chrome",[\n]"
2017-05-18 19:07:45,713 [DEBUG] org.apache.http.wire  - http-outgoing-0 >> "    "chromeOptions": {[\n]"
2017-05-18 19:07:45,713 [DEBUG] org.apache.http.wire  - http-outgoing-0 >> "      "args": [],[\n]"
2017-05-18 19:07:45,713 [DEBUG] org.apache.http.wire  - http-outgoing-0 >> "      "extensions": [][\n]"
2017-05-18 19:07:45,713 [DEBUG] org.apache.http.wire  - http-outgoing-0 >> "    },[\n]"
2017-05-18 19:07:45,713 [DEBUG] org.apache.http.wire  - http-outgoing-0 >> "    "version": "",[\n]"
2017-05-18 19:07:45,713 [DEBUG] org.apache.http.wire  - http-outgoing-0 >> "    "platform": "ANY"[\n]"
2017-05-18 19:07:45,713 [DEBUG] org.apache.http.wire  - http-outgoing-0 >> "  },[\n]"
2017-05-18 19:07:45,713 [DEBUG] org.apache.http.wire  - http-outgoing-0 >> "  "requiredCapabilities": {},[\n]"
2017-05-18 19:07:45,713 [DEBUG] org.apache.http.wire  - http-outgoing-0 >> "  "capabilities": {[\n]"
2017-05-18 19:07:45,713 [DEBUG] org.apache.http.wire  - http-outgoing-0 >> "    "desiredCapabilities": {[\n]"
2017-05-18 19:07:45,713 [DEBUG] org.apache.http.wire  - http-outgoing-0 >> "      "browserName": "chrome",[\n]"
2017-05-18 19:07:45,729 [DEBUG] org.apache.http.wire  - http-outgoing-0 >> "      "chromeOptions": {[\n]"
2017-05-18 19:07:45,729 [DEBUG] org.apache.http.wire  - http-outgoing-0 >> "        "args": [],[\n]"
2017-05-18 19:07:45,729 [DEBUG] org.apache.http.wire  - http-outgoing-0 >> "        "extensions": [][\n]"
2017-05-18 19:07:45,729 [DEBUG] org.apache.http.wire  - http-outgoing-0 >> "      },[\n]"
2017-05-18 19:07:45,729 [DEBUG] org.apache.http.wire  - http-outgoing-0 >> "      "version": "",[\n]"
2017-05-18 19:07:45,729 [DEBUG] org.apache.http.wire  - http-outgoing-0 >> "      "platform": "ANY"[\n]"
2017-05-18 19:07:45,729 [DEBUG] org.apache.http.wire  - http-outgoing-0 >> "    },[\n]"
2017-05-18 19:07:45,729 [DEBUG] org.apache.http.wire  - http-outgoing-0 >> "    "requiredCapabilities": {}[\n]"
2017-05-18 19:07:45,729 [DEBUG] org.apache.http.wire  - http-outgoing-0 >> "  },[\n]"
2017-05-18 19:07:45,729 [DEBUG] org.apache.http.wire  - http-outgoing-0 >> "  "alwaysMatch": {[\n]"
2017-05-18 19:07:45,729 [DEBUG] org.apache.http.wire  - http-outgoing-0 >> "    "version": "",[\n]"
2017-05-18 19:07:45,729 [DEBUG] org.apache.http.wire  - http-outgoing-0 >> "    "platform": "ANY"[\n]"
2017-05-18 19:07:45,729 [DEBUG] org.apache.http.wire  - http-outgoing-0 >> "  },[\n]"
2017-05-18 19:07:45,729 [DEBUG] org.apache.http.wire  - http-outgoing-0 >> "  "firstMatch": [[\n]"
2017-05-18 19:07:45,729 [DEBUG] org.apache.http.wire  - http-outgoing-0 >> "    {[\n]"
2017-05-18 19:07:45,729 [DEBUG] org.apache.http.wire  - http-outgoing-0 >> "      "browserName": "chrome",[\n]"
2017-05-18 19:07:45,729 [DEBUG] org.apache.http.wire  - http-outgoing-0 >> "      "chromeOptions": {[\n]"
2017-05-18 19:07:45,729 [DEBUG] org.apache.http.wire  - http-outgoing-0 >> "        "args": [],[\n]"
2017-05-18 19:07:45,729 [DEBUG] org.apache.http.wire  - http-outgoing-0 >> "        "extensions": [][\n]"
2017-05-18 19:07:45,729 [DEBUG] org.apache.http.wire  - http-outgoing-0 >> "      }[\n]"
2017-05-18 19:07:45,729 [DEBUG] org.apache.http.wire  - http-outgoing-0 >> "    }[\n]"
2017-05-18 19:07:45,729 [DEBUG] org.apache.http.wire  - http-outgoing-0 >> "  ][\n]"
2017-05-18 19:07:45,729 [DEBUG] org.apache.http.wire  - http-outgoing-0 >> "}"
2017-05-18 19:07:48,461 [DEBUG] org.apache.http.wire  - http-outgoing-0 << "HTTP/1.1 200 OK[\r][\n]"
2017-05-18 19:07:48,461 [DEBUG] org.apache.http.wire  - http-outgoing-0 << "Content-Length:782[\r][\n]"
2017-05-18 19:07:48,461 [DEBUG] org.apache.http.wire  - http-outgoing-0 << "Content-Type:application/json; charset=utf-8[\r][\n]"
2017-05-18 19:07:48,461 [DEBUG] org.apache.http.wire  - http-outgoing-0 << "Connection:close[\r][\n]"
2017-05-18 19:07:48,461 [DEBUG] org.apache.http.wire  - http-outgoing-0 << "[\r][\n]"
2017-05-18 19:07:48,461 [DEBUG] org.apache.http.wire  - http-outgoing-0 << "{"sessionId":"5f091bc2f8f483fbfc2c46069754bc34","status":0,"value":{"acceptSslCerts":true,"applicationCacheEnabled":false,"browserConnectionEnabled":false,"browserName":"chrome","chrome":{"chromedriverVersion":"2.29.461591 (62ebf098771772160f391d75e589dc567915b233)","userDataDir":"C:\\Users\\LAXMIK~1\\AppData\\Local\\Temp\\scoped_dir5612_23333"},"cssSelectorsEnabled":true,"databaseEnabled":false,"handlesAlerts":true,"hasTouchScreen":false,"javascriptEnabled":true,"locationContextEnabled":true,"mobileEmulationEnabled":false,"nativeEvents":true,"networkConnectionEnabled":false,"pageLoadStrategy":"normal","platform":"Windows NT","rotatable":false,"takesHeapSnapshot":true,"takesScreenshot":true,"unexpectedAlertBehaviour":"","version":"58.0.3029.110","webStorageEnabled":true}}"
2017-05-18 19:07:48,465 [DEBUG] org.apache.http.headers  - http-outgoing-0 << HTTP/1.1 200 OK
2017-05-18 19:07:48,466 [DEBUG] org.apache.http.headers  - http-outgoing-0 << Content-Length:782
2017-05-18 19:07:48,466 [DEBUG] org.apache.http.headers  - http-outgoing-0 << Content-Type:application/json; charset=utf-8
2017-05-18 19:07:48,466 [DEBUG] org.apache.http.headers  - http-outgoing-0 << Connection:close
2017-05-18 19:07:48,482 [DEBUG] org.apache.http.impl.conn.DefaultManagedHttpClientConnection  - http-outgoing-0: Close connection
2017-05-18 19:07:48,482 [DEBUG] org.apache.http.impl.execchain.MainClientExec  - Connection discarded
2017-05-18 19:07:48,482 [DEBUG] org.apache.http.impl.conn.PoolingHttpClientConnectionManager  - Connection released: [id: 0][route: {}->http://localhost:23850][total kept alive: 0; route allocated: 0 of 2000; total allocated: 0 of 2000]
2017-05-18 19:07:48,524 [DEBUG] org.apache.http.client.protocol.RequestAddCookies  - CookieSpec selected: default
2017-05-18 19:07:48,524 [DEBUG] org.apache.http.client.protocol.RequestAuthCache  - Auth cache not set in the context
2017-05-18 19:07:48,525 [DEBUG] org.apache.http.impl.conn.PoolingHttpClientConnectionManager  - Connection request: [route: {}->http://localhost:23850][total kept alive: 0; route allocated: 0 of 2000; total allocated: 0 of 2000]
2017-05-18 19:07:48,525 [DEBUG] org.apache.http.impl.conn.PoolingHttpClientConnectionManager  - Connection leased: [id: 1][route: {}->http://localhost:23850][total kept alive: 0; route allocated: 1 of 2000; total allocated: 1 of 2000]
2017-05-18 19:07:48,525 [DEBUG] org.apache.http.impl.execchain.MainClientExec  - Opening connection {}->http://localhost:23850
2017-05-18 19:07:48,526 [DEBUG] org.apache.http.impl.conn.DefaultHttpClientConnectionOperator  - Connecting to localhost/127.0.0.1:23850
2017-05-18 19:07:48,526 [DEBUG] org.apache.http.impl.conn.DefaultHttpClientConnectionOperator  - Connection established 127.0.0.1:53760<->127.0.0.1:23850
2017-05-18 19:07:48,526 [DEBUG] org.apache.http.impl.conn.DefaultManagedHttpClientConnection  - http-outgoing-1: set socket timeout to 10800000
2017-05-18 19:07:48,526 [DEBUG] org.apache.http.impl.execchain.MainClientExec  - Executing request POST /session/5f091bc2f8f483fbfc2c46069754bc34/window/current/maximize HTTP/1.1
2017-05-18 19:07:48,526 [DEBUG] org.apache.http.impl.execchain.MainClientExec  - Target auth state: UNCHALLENGED
2017-05-18 19:07:48,526 [DEBUG] org.apache.http.impl.execchain.MainClientExec  - Proxy auth state: UNCHALLENGED
2017-05-18 19:07:48,526 [DEBUG] org.apache.http.headers  - http-outgoing-1 >> POST /session/5f091bc2f8f483fbfc2c46069754bc34/window/current/maximize HTTP/1.1
2017-05-18 19:07:48,527 [DEBUG] org.apache.http.headers  - http-outgoing-1 >> Content-Type: application/json; charset=utf-8
2017-05-18 19:07:48,527 [DEBUG] org.apache.http.headers  - http-outgoing-1 >> Content-Length: 45
2017-05-18 19:07:48,527 [DEBUG] org.apache.http.headers  - http-outgoing-1 >> Host: localhost:23850
2017-05-18 19:07:48,527 [DEBUG] org.apache.http.headers  - http-outgoing-1 >> Connection: Keep-Alive
2017-05-18 19:07:48,527 [DEBUG] org.apache.http.headers  - http-outgoing-1 >> User-Agent: Apache-HttpClient/4.5.2 (Java/1.8.0_131)
2017-05-18 19:07:48,527 [DEBUG] org.apache.http.headers  - http-outgoing-1 >> Accept-Encoding: gzip,deflate
2017-05-18 19:07:48,527 [DEBUG] org.apache.http.wire  - http-outgoing-1 >> "POST /session/5f091bc2f8f483fbfc2c46069754bc34/window/current/maximize HTTP/1.1[\r][\n]"
2017-05-18 19:07:48,527 [DEBUG] org.apache.http.wire  - http-outgoing-1 >> "Content-Type: application/json; charset=utf-8[\r][\n]"
2017-05-18 19:07:48,527 [DEBUG] org.apache.http.wire  - http-outgoing-1 >> "Content-Length: 45[\r][\n]"
2017-05-18 19:07:48,527 [DEBUG] org.apache.http.wire  - http-outgoing-1 >> "Host: localhost:23850[\r][\n]"
2017-05-18 19:07:48,527 [DEBUG] org.apache.http.wire  - http-outgoing-1 >> "Connection: Keep-Alive[\r][\n]"
2017-05-18 19:07:48,527 [DEBUG] org.apache.http.wire  - http-outgoing-1 >> "User-Agent: Apache-HttpClient/4.5.2 (Java/1.8.0_131)[\r][\n]"
2017-05-18 19:07:48,527 [DEBUG] org.apache.http.wire  - http-outgoing-1 >> "Accept-Encoding: gzip,deflate[\r][\n]"
2017-05-18 19:07:48,527 [DEBUG] org.apache.http.wire  - http-outgoing-1 >> "[\r][\n]"
2017-05-18 19:07:48,527 [DEBUG] org.apache.http.wire  - http-outgoing-1 >> "{"windowHandle":"current","handle":"current"}"
2017-05-18 19:07:49,763 [DEBUG] org.apache.http.wire  - http-outgoing-1 << "HTTP/1.1 200 OK[\r][\n]"
2017-05-18 19:07:49,763 [DEBUG] org.apache.http.wire  - http-outgoing-1 << "Content-Length:72[\r][\n]"
2017-05-18 19:07:49,763 [DEBUG] org.apache.http.wire  - http-outgoing-1 << "Content-Type:application/json; charset=utf-8[\r][\n]"
2017-05-18 19:07:49,763 [DEBUG] org.apache.http.wire  - http-outgoing-1 << "Connection:close[\r][\n]"
2017-05-18 19:07:49,763 [DEBUG] org.apache.http.wire  - http-outgoing-1 << "[\r][\n]"
2017-05-18 19:07:49,763 [DEBUG] org.apache.http.wire  - http-outgoing-1 << "{"sessionId":"5f091bc2f8f483fbfc2c46069754bc34","status":0,"value":null}"
2017-05-18 19:07:49,763 [DEBUG] org.apache.http.headers  - http-outgoing-1 << HTTP/1.1 200 OK
2017-05-18 19:07:49,763 [DEBUG] org.apache.http.headers  - http-outgoing-1 << Content-Length:72
2017-05-18 19:07:49,763 [DEBUG] org.apache.http.headers  - http-outgoing-1 << Content-Type:application/json; charset=utf-8
2017-05-18 19:07:49,763 [DEBUG] org.apache.http.headers  - http-outgoing-1 << Connection:close
2017-05-18 19:07:49,763 [DEBUG] org.apache.http.impl.conn.DefaultManagedHttpClientConnection  - http-outgoing-1: Close connection
2017-05-18 19:07:49,763 [DEBUG] org.apache.http.impl.execchain.MainClientExec  - Connection discarded
2017-05-18 19:07:49,763 [DEBUG] org.apache.http.impl.conn.PoolingHttpClientConnectionManager  - Connection released: [id: 1][route: {}->http://localhost:23850][total kept alive: 0; route allocated: 0 of 2000; total allocated: 0 of 2000]
2017-05-18 19:07:49,763 [DEBUG] org.apache.http.client.protocol.RequestAddCookies  - CookieSpec selected: default
2017-05-18 19:07:49,763 [DEBUG] org.apache.http.client.protocol.RequestAuthCache  - Auth cache not set in the context
2017-05-18 19:07:49,763 [DEBUG] org.apache.http.impl.conn.PoolingHttpClientConnectionManager  - Connection request: [route: {}->http://localhost:23850][total kept alive: 0; route allocated: 0 of 2000; total allocated: 0 of 2000]
2017-05-18 19:07:49,763 [DEBUG] org.apache.http.impl.conn.PoolingHttpClientConnectionManager  - Connection leased: [id: 2][route: {}->http://localhost:23850][total kept alive: 0; route allocated: 1 of 2000; total allocated: 1 of 2000]
2017-05-18 19:07:49,763 [DEBUG] org.apache.http.impl.execchain.MainClientExec  - Opening connection {}->http://localhost:23850
2017-05-18 19:07:49,763 [DEBUG] org.apache.http.impl.conn.DefaultHttpClientConnectionOperator  - Connecting to localhost/127.0.0.1:23850
2017-05-18 19:07:49,763 [DEBUG] org.apache.http.impl.conn.DefaultHttpClientConnectionOperator  - Connection established 127.0.0.1:53763<->127.0.0.1:23850
2017-05-18 19:07:49,763 [DEBUG] org.apache.http.impl.conn.DefaultManagedHttpClientConnection  - http-outgoing-2: set socket timeout to 10800000
2017-05-18 19:07:49,763 [DEBUG] org.apache.http.impl.execchain.MainClientExec  - Executing request POST /session/5f091bc2f8f483fbfc2c46069754bc34/url HTTP/1.1
2017-05-18 19:07:49,763 [DEBUG] org.apache.http.impl.execchain.MainClientExec  - Target auth state: UNCHALLENGED
2017-05-18 19:07:49,763 [DEBUG] org.apache.http.impl.execchain.MainClientExec  - Proxy auth state: UNCHALLENGED
2017-05-18 19:07:49,763 [DEBUG] org.apache.http.headers  - http-outgoing-2 >> POST /session/5f091bc2f8f483fbfc2c46069754bc34/url HTTP/1.1
2017-05-18 19:07:49,763 [DEBUG] org.apache.http.headers  - http-outgoing-2 >> Content-Type: application/json; charset=utf-8
2017-05-18 19:07:49,763 [DEBUG] org.apache.http.headers  - http-outgoing-2 >> Content-Length: 60
2017-05-18 19:07:49,763 [DEBUG] org.apache.http.headers  - http-outgoing-2 >> Host: localhost:23850
2017-05-18 19:07:49,763 [DEBUG] org.apache.http.headers  - http-outgoing-2 >> Connection: Keep-Alive
2017-05-18 19:07:49,763 [DEBUG] org.apache.http.headers  - http-outgoing-2 >> User-Agent: Apache-HttpClient/4.5.2 (Java/1.8.0_131)
2017-05-18 19:07:49,763 [DEBUG] org.apache.http.headers  - http-outgoing-2 >> Accept-Encoding: gzip,deflate
2017-05-18 19:07:49,763 [DEBUG] org.apache.http.wire  - http-outgoing-2 >> "POST /session/5f091bc2f8f483fbfc2c46069754bc34/url HTTP/1.1[\r][\n]"
2017-05-18 19:07:49,763 [DEBUG] org.apache.http.wire  - http-outgoing-2 >> "Content-Type: application/json; charset=utf-8[\r][\n]"
2017-05-18 19:07:49,763 [DEBUG] org.apache.http.wire  - http-outgoing-2 >> "Content-Length: 60[\r][\n]"
2017-05-18 19:07:49,763 [DEBUG] org.apache.http.wire  - http-outgoing-2 >> "Host: localhost:23850[\r][\n]"
2017-05-18 19:07:49,763 [DEBUG] org.apache.http.wire  - http-outgoing-2 >> "Connection: Keep-Alive[\r][\n]"
2017-05-18 19:07:49,763 [DEBUG] org.apache.http.wire  - http-outgoing-2 >> "User-Agent: Apache-HttpClient/4.5.2 (Java/1.8.0_131)[\r][\n]"
2017-05-18 19:07:49,763 [DEBUG] org.apache.http.wire  - http-outgoing-2 >> "Accept-Encoding: gzip,deflate[\r][\n]"
2017-05-18 19:07:49,763 [DEBUG] org.apache.http.wire  - http-outgoing-2 >> "[\r][\n]"
2017-05-18 19:07:49,763 [DEBUG] org.apache.http.wire  - http-outgoing-2 >> "{"url":"http://192.168.1.209:8085/bpamsclient/default.aspx"}"
2017-05-18 19:07:53,022 [DEBUG] org.apache.http.wire  - http-outgoing-2 << "HTTP/1.1 200 OK[\r][\n]"
2017-05-18 19:07:53,022 [DEBUG] org.apache.http.wire  - http-outgoing-2 << "Content-Length:72[\r][\n]"
2017-05-18 19:07:53,022 [DEBUG] org.apache.http.wire  - http-outgoing-2 << "Content-Type:application/json; charset=utf-8[\r][\n]"
2017-05-18 19:07:53,022 [DEBUG] org.apache.http.wire  - http-outgoing-2 << "Connection:close[\r][\n]"
2017-05-18 19:07:53,022 [DEBUG] org.apache.http.wire  - http-outgoing-2 << "[\r][\n]"
2017-05-18 19:07:53,022 [DEBUG] org.apache.http.wire  - http-outgoing-2 << "{"sessionId":"5f091bc2f8f483fbfc2c46069754bc34","status":0,"value":null}"
2017-05-18 19:07:53,022 [DEBUG] org.apache.http.headers  - http-outgoing-2 << HTTP/1.1 200 OK
2017-05-18 19:07:53,022 [DEBUG] org.apache.http.headers  - http-outgoing-2 << Content-Length:72
2017-05-18 19:07:53,022 [DEBUG] org.apache.http.headers  - http-outgoing-2 << Content-Type:application/json; charset=utf-8
2017-05-18 19:07:53,022 [DEBUG] org.apache.http.headers  - http-outgoing-2 << Connection:close
2017-05-18 19:07:53,022 [DEBUG] org.apache.http.impl.conn.DefaultManagedHttpClientConnection  - http-outgoing-2: Close connection
2017-05-18 19:07:53,023 [DEBUG] org.apache.http.impl.execchain.MainClientExec  - Connection discarded
2017-05-18 19:07:53,023 [DEBUG] org.apache.http.impl.conn.PoolingHttpClientConnectionManager  - Connection released: [id: 2][route: {}->http://localhost:23850][total kept alive: 0; route allocated: 0 of 2000; total allocated: 0 of 2000]
2017-05-18 19:07:53,077 [DEBUG] org.apache.http.client.protocol.RequestAddCookies  - CookieSpec selected: default
2017-05-18 19:07:53,077 [DEBUG] org.apache.http.client.protocol.RequestAuthCache  - Auth cache not set in the context
2017-05-18 19:07:53,077 [DEBUG] org.apache.http.impl.conn.PoolingHttpClientConnectionManager  - Connection request: [route: {}->http://localhost:23850][total kept alive: 0; route allocated: 0 of 2000; total allocated: 0 of 2000]
2017-05-18 19:07:53,078 [DEBUG] org.apache.http.impl.conn.PoolingHttpClientConnectionManager  - Connection leased: [id: 3][route: {}->http://localhost:23850][total kept alive: 0; route allocated: 1 of 2000; total allocated: 1 of 2000]
2017-05-18 19:07:53,078 [DEBUG] org.apache.http.impl.execchain.MainClientExec  - Opening connection {}->http://localhost:23850
2017-05-18 19:07:53,078 [DEBUG] org.apache.http.impl.conn.DefaultHttpClientConnectionOperator  - Connecting to localhost/127.0.0.1:23850
2017-05-18 19:07:53,079 [DEBUG] org.apache.http.impl.conn.DefaultHttpClientConnectionOperator  - Connection established 127.0.0.1:53772<->127.0.0.1:23850
2017-05-18 19:07:53,079 [DEBUG] org.apache.http.impl.conn.DefaultManagedHttpClientConnection  - http-outgoing-3: set socket timeout to 10800000
2017-05-18 19:07:53,079 [DEBUG] org.apache.http.impl.execchain.MainClientExec  - Executing request POST /session/5f091bc2f8f483fbfc2c46069754bc34/element HTTP/1.1
2017-05-18 19:07:53,079 [DEBUG] org.apache.http.impl.execchain.MainClientExec  - Target auth state: UNCHALLENGED
2017-05-18 19:07:53,079 [DEBUG] org.apache.http.impl.execchain.MainClientExec  - Proxy auth state: UNCHALLENGED
2017-05-18 19:07:53,079 [DEBUG] org.apache.http.headers  - http-outgoing-3 >> POST /session/5f091bc2f8f483fbfc2c46069754bc34/element HTTP/1.1
2017-05-18 19:07:53,079 [DEBUG] org.apache.http.headers  - http-outgoing-3 >> Content-Type: application/json; charset=utf-8
2017-05-18 19:07:53,079 [DEBUG] org.apache.http.headers  - http-outgoing-3 >> Content-Length: 60
2017-05-18 19:07:53,079 [DEBUG] org.apache.http.headers  - http-outgoing-3 >> Host: localhost:23850
2017-05-18 19:07:53,079 [DEBUG] org.apache.http.headers  - http-outgoing-3 >> Connection: Keep-Alive
2017-05-18 19:07:53,079 [DEBUG] org.apache.http.headers  - http-outgoing-3 >> User-Agent: Apache-HttpClient/4.5.2 (Java/1.8.0_131)
2017-05-18 19:07:53,079 [DEBUG] org.apache.http.headers  - http-outgoing-3 >> Accept-Encoding: gzip,deflate
2017-05-18 19:07:53,079 [DEBUG] org.apache.http.wire  - http-outgoing-3 >> "POST /session/5f091bc2f8f483fbfc2c46069754bc34/element HTTP/1.1[\r][\n]"
2017-05-18 19:07:53,079 [DEBUG] org.apache.http.wire  - http-outgoing-3 >> "Content-Type: application/json; charset=utf-8[\r][\n]"
2017-05-18 19:07:53,079 [DEBUG] org.apache.http.wire  - http-outgoing-3 >> "Content-Length: 60[\r][\n]"
2017-05-18 19:07:53,079 [DEBUG] org.apache.http.wire  - http-outgoing-3 >> "Host: localhost:23850[\r][\n]"
2017-05-18 19:07:53,079 [DEBUG] org.apache.http.wire  - http-outgoing-3 >> "Connection: Keep-Alive[\r][\n]"
2017-05-18 19:07:53,079 [DEBUG] org.apache.http.wire  - http-outgoing-3 >> "User-Agent: Apache-HttpClient/4.5.2 (Java/1.8.0_131)[\r][\n]"
2017-05-18 19:07:53,079 [DEBUG] org.apache.http.wire  - http-outgoing-3 >> "Accept-Encoding: gzip,deflate[\r][\n]"
2017-05-18 19:07:53,079 [DEBUG] org.apache.http.wire  - http-outgoing-3 >> "[\r][\n]"
2017-05-18 19:07:53,079 [DEBUG] org.apache.http.wire  - http-outgoing-3 >> "{"using":"xpath","value":"//td/table/tbody/tr[2]/td[1]/img"}"
2017-05-18 19:07:53,228 [DEBUG] org.apache.http.wire  - http-outgoing-3 << "HTTP/1.1 200 OK[\r][\n]"
2017-05-18 19:07:53,228 [DEBUG] org.apache.http.wire  - http-outgoing-3 << "Content-Length:102[\r][\n]"
2017-05-18 19:07:53,228 [DEBUG] org.apache.http.wire  - http-outgoing-3 << "Content-Type:application/json; charset=utf-8[\r][\n]"
2017-05-18 19:07:53,228 [DEBUG] org.apache.http.wire  - http-outgoing-3 << "Connection:close[\r][\n]"
2017-05-18 19:07:53,228 [DEBUG] org.apache.http.wire  - http-outgoing-3 << "[\r][\n]"
2017-05-18 19:07:53,228 [DEBUG] org.apache.http.wire  - http-outgoing-3 << "{"sessionId":"5f091bc2f8f483fbfc2c46069754bc34","status":0,"value":{"ELEMENT":"0.2233846200180154-1"}}"
2017-05-18 19:07:53,228 [DEBUG] org.apache.http.headers  - http-outgoing-3 << HTTP/1.1 200 OK
2017-05-18 19:07:53,228 [DEBUG] org.apache.http.headers  - http-outgoing-3 << Content-Length:102
2017-05-18 19:07:53,228 [DEBUG] org.apache.http.headers  - http-outgoing-3 << Content-Type:application/json; charset=utf-8
2017-05-18 19:07:53,228 [DEBUG] org.apache.http.headers  - http-outgoing-3 << Connection:close
2017-05-18 19:07:53,228 [DEBUG] org.apache.http.impl.conn.DefaultManagedHttpClientConnection  - http-outgoing-3: Close connection
2017-05-18 19:07:53,228 [DEBUG] org.apache.http.impl.execchain.MainClientExec  - Connection discarded
2017-05-18 19:07:53,228 [DEBUG] org.apache.http.impl.conn.PoolingHttpClientConnectionManager  - Connection released: [id: 3][route: {}->http://localhost:23850][total kept alive: 0; route allocated: 0 of 2000; total allocated: 0 of 2000]
2017-05-18 19:07:53,244 [DEBUG] org.apache.http.client.protocol.RequestAddCookies  - CookieSpec selected: default
2017-05-18 19:07:53,244 [DEBUG] org.apache.http.client.protocol.RequestAuthCache  - Auth cache not set in the context
2017-05-18 19:07:53,244 [DEBUG] org.apache.http.impl.conn.PoolingHttpClientConnectionManager  - Connection request: [route: {}->http://localhost:23850][total kept alive: 0; route allocated: 0 of 2000; total allocated: 0 of 2000]
2017-05-18 19:07:53,244 [DEBUG] org.apache.http.impl.conn.PoolingHttpClientConnectionManager  - Connection leased: [id: 4][route: {}->http://localhost:23850][total kept alive: 0; route allocated: 1 of 2000; total allocated: 1 of 2000]
2017-05-18 19:07:53,244 [DEBUG] org.apache.http.impl.execchain.MainClientExec  - Opening connection {}->http://localhost:23850
2017-05-18 19:07:53,244 [DEBUG] org.apache.http.impl.conn.DefaultHttpClientConnectionOperator  - Connecting to localhost/127.0.0.1:23850
2017-05-18 19:07:53,244 [DEBUG] org.apache.http.impl.conn.DefaultHttpClientConnectionOperator  - Connection established 127.0.0.1:53773<->127.0.0.1:23850
2017-05-18 19:07:53,244 [DEBUG] org.apache.http.impl.conn.DefaultManagedHttpClientConnection  - http-outgoing-4: set socket timeout to 10800000
2017-05-18 19:07:53,244 [DEBUG] org.apache.http.impl.execchain.MainClientExec  - Executing request GET /session/5f091bc2f8f483fbfc2c46069754bc34/element/0.2233846200180154-1/displayed HTTP/1.1
2017-05-18 19:07:53,244 [DEBUG] org.apache.http.impl.execchain.MainClientExec  - Target auth state: UNCHALLENGED
2017-05-18 19:07:53,244 [DEBUG] org.apache.http.impl.execchain.MainClientExec  - Proxy auth state: UNCHALLENGED
2017-05-18 19:07:53,244 [DEBUG] org.apache.http.headers  - http-outgoing-4 >> GET /session/5f091bc2f8f483fbfc2c46069754bc34/element/0.2233846200180154-1/displayed HTTP/1.1
2017-05-18 19:07:53,244 [DEBUG] org.apache.http.headers  - http-outgoing-4 >> Cache-Control: no-cache
2017-05-18 19:07:53,244 [DEBUG] org.apache.http.headers  - http-outgoing-4 >> Host: localhost:23850
2017-05-18 19:07:53,244 [DEBUG] org.apache.http.headers  - http-outgoing-4 >> Connection: Keep-Alive
2017-05-18 19:07:53,244 [DEBUG] org.apache.http.headers  - http-outgoing-4 >> User-Agent: Apache-HttpClient/4.5.2 (Java/1.8.0_131)
2017-05-18 19:07:53,244 [DEBUG] org.apache.http.headers  - http-outgoing-4 >> Accept-Encoding: gzip,deflate
2017-05-18 19:07:53,244 [DEBUG] org.apache.http.wire  - http-outgoing-4 >> "GET /session/5f091bc2f8f483fbfc2c46069754bc34/element/0.2233846200180154-1/displayed HTTP/1.1[\r][\n]"
2017-05-18 19:07:53,244 [DEBUG] org.apache.http.wire  - http-outgoing-4 >> "Cache-Control: no-cache[\r][\n]"
2017-05-18 19:07:53,244 [DEBUG] org.apache.http.wire  - http-outgoing-4 >> "Host: localhost:23850[\r][\n]"
2017-05-18 19:07:53,244 [DEBUG] org.apache.http.wire  - http-outgoing-4 >> "Connection: Keep-Alive[\r][\n]"
2017-05-18 19:07:53,244 [DEBUG] org.apache.http.wire  - http-outgoing-4 >> "User-Agent: Apache-HttpClient/4.5.2 (Java/1.8.0_131)[\r][\n]"
2017-05-18 19:07:53,244 [DEBUG] org.apache.http.wire  - http-outgoing-4 >> "Accept-Encoding: gzip,deflate[\r][\n]"
2017-05-18 19:07:53,244 [DEBUG] org.apache.http.wire  - http-outgoing-4 >> "[\r][\n]"
2017-05-18 19:07:53,275 [DEBUG] org.apache.http.wire  - http-outgoing-4 << "HTTP/1.1 200 OK[\r][\n]"
2017-05-18 19:07:53,275 [DEBUG] org.apache.http.wire  - http-outgoing-4 << "Content-Length:72[\r][\n]"
2017-05-18 19:07:53,275 [DEBUG] org.apache.http.wire  - http-outgoing-4 << "Content-Type:application/json; charset=utf-8[\r][\n]"
2017-05-18 19:07:53,275 [DEBUG] org.apache.http.wire  - http-outgoing-4 << "Connection:close[\r][\n]"
2017-05-18 19:07:53,275 [DEBUG] org.apache.http.wire  - http-outgoing-4 << "[\r][\n]"
2017-05-18 19:07:53,275 [DEBUG] org.apache.http.wire  - http-outgoing-4 << "{"sessionId":"5f091bc2f8f483fbfc2c46069754bc34","status":0,"value":true}"
2017-05-18 19:07:53,275 [DEBUG] org.apache.http.headers  - http-outgoing-4 << HTTP/1.1 200 OK
2017-05-18 19:07:53,275 [DEBUG] org.apache.http.headers  - http-outgoing-4 << Content-Length:72
2017-05-18 19:07:53,275 [DEBUG] org.apache.http.headers  - http-outgoing-4 << Content-Type:application/json; charset=utf-8
2017-05-18 19:07:53,275 [DEBUG] org.apache.http.headers  - http-outgoing-4 << Connection:close
2017-05-18 19:07:53,275 [DEBUG] org.apache.http.impl.conn.DefaultManagedHttpClientConnection  - http-outgoing-4: Close connection
2017-05-18 19:07:53,275 [DEBUG] org.apache.http.impl.execchain.MainClientExec  - Connection discarded
2017-05-18 19:07:53,275 [DEBUG] org.apache.http.impl.conn.PoolingHttpClientConnectionManager  - Connection released: [id: 4][route: {}->http://localhost:23850][total kept alive: 0; route allocated: 0 of 2000; total allocated: 0 of 2000]
2017-05-18 19:07:53,290 [DEBUG] org.apache.http.client.protocol.RequestAddCookies  - CookieSpec selected: default
2017-05-18 19:07:53,290 [DEBUG] org.apache.http.client.protocol.RequestAuthCache  - Auth cache not set in the context
2017-05-18 19:07:53,290 [DEBUG] org.apache.http.impl.conn.PoolingHttpClientConnectionManager  - Connection request: [route: {}->http://localhost:23850][total kept alive: 0; route allocated: 0 of 2000; total allocated: 0 of 2000]
2017-05-18 19:07:53,290 [DEBUG] org.apache.http.impl.conn.PoolingHttpClientConnectionManager  - Connection leased: [id: 5][route: {}->http://localhost:23850][total kept alive: 0; route allocated: 1 of 2000; total allocated: 1 of 2000]
2017-05-18 19:07:53,290 [DEBUG] org.apache.http.impl.execchain.MainClientExec  - Opening connection {}->http://localhost:23850
2017-05-18 19:07:53,290 [DEBUG] org.apache.http.impl.conn.DefaultHttpClientConnectionOperator  - Connecting to localhost/127.0.0.1:23850
2017-05-18 19:07:53,290 [DEBUG] org.apache.http.impl.conn.DefaultHttpClientConnectionOperator  - Connection established 127.0.0.1:53774<->127.0.0.1:23850
2017-05-18 19:07:53,290 [DEBUG] org.apache.http.impl.conn.DefaultManagedHttpClientConnection  - http-outgoing-5: set socket timeout to 10800000
2017-05-18 19:07:53,290 [DEBUG] org.apache.http.impl.execchain.MainClientExec  - Executing request POST /session/5f091bc2f8f483fbfc2c46069754bc34/element HTTP/1.1
2017-05-18 19:07:53,290 [DEBUG] org.apache.http.impl.execchain.MainClientExec  - Target auth state: UNCHALLENGED
2017-05-18 19:07:53,290 [DEBUG] org.apache.http.impl.execchain.MainClientExec  - Proxy auth state: UNCHALLENGED
2017-05-18 19:07:53,290 [DEBUG] org.apache.http.headers  - http-outgoing-5 >> POST /session/5f091bc2f8f483fbfc2c46069754bc34/element HTTP/1.1
2017-05-18 19:07:53,290 [DEBUG] org.apache.http.headers  - http-outgoing-5 >> Content-Type: application/json; charset=utf-8
2017-05-18 19:07:53,290 [DEBUG] org.apache.http.headers  - http-outgoing-5 >> Content-Length: 51
2017-05-18 19:07:53,290 [DEBUG] org.apache.http.headers  - http-outgoing-5 >> Host: localhost:23850
2017-05-18 19:07:53,290 [DEBUG] org.apache.http.headers  - http-outgoing-5 >> Connection: Keep-Alive
2017-05-18 19:07:53,290 [DEBUG] org.apache.http.headers  - http-outgoing-5 >> User-Agent: Apache-HttpClient/4.5.2 (Java/1.8.0_131)
2017-05-18 19:07:53,290 [DEBUG] org.apache.http.headers  - http-outgoing-5 >> Accept-Encoding: gzip,deflate
2017-05-18 19:07:53,290 [DEBUG] org.apache.http.wire  - http-outgoing-5 >> "POST /session/5f091bc2f8f483fbfc2c46069754bc34/element HTTP/1.1[\r][\n]"
2017-05-18 19:07:53,290 [DEBUG] org.apache.http.wire  - http-outgoing-5 >> "Content-Type: application/json; charset=utf-8[\r][\n]"
2017-05-18 19:07:53,290 [DEBUG] org.apache.http.wire  - http-outgoing-5 >> "Content-Length: 51[\r][\n]"
2017-05-18 19:07:53,290 [DEBUG] org.apache.http.wire  - http-outgoing-5 >> "Host: localhost:23850[\r][\n]"
2017-05-18 19:07:53,290 [DEBUG] org.apache.http.wire  - http-outgoing-5 >> "Connection: Keep-Alive[\r][\n]"
2017-05-18 19:07:53,290 [DEBUG] org.apache.http.wire  - http-outgoing-5 >> "User-Agent: Apache-HttpClient/4.5.2 (Java/1.8.0_131)[\r][\n]"
2017-05-18 19:07:53,290 [DEBUG] org.apache.http.wire  - http-outgoing-5 >> "Accept-Encoding: gzip,deflate[\r][\n]"
2017-05-18 19:07:53,290 [DEBUG] org.apache.http.wire  - http-outgoing-5 >> "[\r][\n]"
2017-05-18 19:07:53,290 [DEBUG] org.apache.http.wire  - http-outgoing-5 >> "{"using":"xpath","value":".//*[@id='txtUsername']"}"
2017-05-18 19:07:53,306 [DEBUG] org.apache.http.wire  - http-outgoing-5 << "HTTP/1.1 200 OK[\r][\n]"
2017-05-18 19:07:53,306 [DEBUG] org.apache.http.wire  - http-outgoing-5 << "Content-Length:102[\r][\n]"
2017-05-18 19:07:53,306 [DEBUG] org.apache.http.wire  - http-outgoing-5 << "Content-Type:application/json; charset=utf-8[\r][\n]"
2017-05-18 19:07:53,306 [DEBUG] org.apache.http.wire  - http-outgoing-5 << "Connection:close[\r][\n]"
2017-05-18 19:07:53,306 [DEBUG] org.apache.http.wire  - http-outgoing-5 << "[\r][\n]"
2017-05-18 19:07:53,306 [DEBUG] org.apache.http.wire  - http-outgoing-5 << "{"sessionId":"5f091bc2f8f483fbfc2c46069754bc34","status":0,"value":{"ELEMENT":"0.2233846200180154-2"}}"
2017-05-18 19:07:53,306 [DEBUG] org.apache.http.headers  - http-outgoing-5 << HTTP/1.1 200 OK
2017-05-18 19:07:53,306 [DEBUG] org.apache.http.headers  - http-outgoing-5 << Content-Length:102
2017-05-18 19:07:53,306 [DEBUG] org.apache.http.headers  - http-outgoing-5 << Content-Type:application/json; charset=utf-8
2017-05-18 19:07:53,306 [DEBUG] org.apache.http.headers  - http-outgoing-5 << Connection:close
2017-05-18 19:07:53,322 [DEBUG] org.apache.http.impl.conn.DefaultManagedHttpClientConnection  - http-outgoing-5: Close connection
2017-05-18 19:07:53,322 [DEBUG] org.apache.http.impl.execchain.MainClientExec  - Connection discarded
2017-05-18 19:07:53,322 [DEBUG] org.apache.http.impl.conn.PoolingHttpClientConnectionManager  - Connection released: [id: 5][route: {}->http://localhost:23850][total kept alive: 0; route allocated: 0 of 2000; total allocated: 0 of 2000]
2017-05-18 19:07:53,322 [DEBUG] org.apache.http.client.protocol.RequestAddCookies  - CookieSpec selected: default
2017-05-18 19:07:53,322 [DEBUG] org.apache.http.client.protocol.RequestAuthCache  - Auth cache not set in the context
2017-05-18 19:07:53,322 [DEBUG] org.apache.http.impl.conn.PoolingHttpClientConnectionManager  - Connection request: [route: {}->http://localhost:23850][total kept alive: 0; route allocated: 0 of 2000; total allocated: 0 of 2000]
2017-05-18 19:07:53,322 [DEBUG] org.apache.http.impl.conn.PoolingHttpClientConnectionManager  - Connection leased: [id: 6][route: {}->http://localhost:23850][total kept alive: 0; route allocated: 1 of 2000; total allocated: 1 of 2000]
2017-05-18 19:07:53,322 [DEBUG] org.apache.http.impl.execchain.MainClientExec  - Opening connection {}->http://localhost:23850
2017-05-18 19:07:53,322 [DEBUG] org.apache.http.impl.conn.DefaultHttpClientConnectionOperator  - Connecting to localhost/127.0.0.1:23850
2017-05-18 19:07:53,322 [DEBUG] org.apache.http.impl.conn.DefaultHttpClientConnectionOperator  - Connection established 127.0.0.1:53775<->127.0.0.1:23850
2017-05-18 19:07:53,322 [DEBUG] org.apache.http.impl.conn.DefaultManagedHttpClientConnection  - http-outgoing-6: set socket timeout to 10800000
2017-05-18 19:07:53,322 [DEBUG] org.apache.http.impl.execchain.MainClientExec  - Executing request POST /session/5f091bc2f8f483fbfc2c46069754bc34/element/0.2233846200180154-2/value HTTP/1.1
2017-05-18 19:07:53,322 [DEBUG] org.apache.http.impl.execchain.MainClientExec  - Target auth state: UNCHALLENGED
2017-05-18 19:07:53,322 [DEBUG] org.apache.http.impl.execchain.MainClientExec  - Proxy auth state: UNCHALLENGED
2017-05-18 19:07:53,322 [DEBUG] org.apache.http.headers  - http-outgoing-6 >> POST /session/5f091bc2f8f483fbfc2c46069754bc34/element/0.2233846200180154-2/value HTTP/1.1
2017-05-18 19:07:53,322 [DEBUG] org.apache.http.headers  - http-outgoing-6 >> Content-Type: application/json; charset=utf-8
2017-05-18 19:07:53,322 [DEBUG] org.apache.http.headers  - http-outgoing-6 >> Content-Length: 49
2017-05-18 19:07:53,322 [DEBUG] org.apache.http.headers  - http-outgoing-6 >> Host: localhost:23850
2017-05-18 19:07:53,322 [DEBUG] org.apache.http.headers  - http-outgoing-6 >> Connection: Keep-Alive
2017-05-18 19:07:53,322 [DEBUG] org.apache.http.headers  - http-outgoing-6 >> User-Agent: Apache-HttpClient/4.5.2 (Java/1.8.0_131)
2017-05-18 19:07:53,322 [DEBUG] org.apache.http.headers  - http-outgoing-6 >> Accept-Encoding: gzip,deflate
2017-05-18 19:07:53,322 [DEBUG] org.apache.http.wire  - http-outgoing-6 >> "POST /session/5f091bc2f8f483fbfc2c46069754bc34/element/0.2233846200180154-2/value HTTP/1.1[\r][\n]"
2017-05-18 19:07:53,322 [DEBUG] org.apache.http.wire  - http-outgoing-6 >> "Content-Type: application/json; charset=utf-8[\r][\n]"
2017-05-18 19:07:53,322 [DEBUG] org.apache.http.wire  - http-outgoing-6 >> "Content-Length: 49[\r][\n]"
2017-05-18 19:07:53,322 [DEBUG] org.apache.http.wire  - http-outgoing-6 >> "Host: localhost:23850[\r][\n]"
2017-05-18 19:07:53,322 [DEBUG] org.apache.http.wire  - http-outgoing-6 >> "Connection: Keep-Alive[\r][\n]"
2017-05-18 19:07:53,322 [DEBUG] org.apache.http.wire  - http-outgoing-6 >> "User-Agent: Apache-HttpClient/4.5.2 (Java/1.8.0_131)[\r][\n]"
2017-05-18 19:07:53,322 [DEBUG] org.apache.http.wire  - http-outgoing-6 >> "Accept-Encoding: gzip,deflate[\r][\n]"
2017-05-18 19:07:53,322 [DEBUG] org.apache.http.wire  - http-outgoing-6 >> "[\r][\n]"
2017-05-18 19:07:53,322 [DEBUG] org.apache.http.wire  - http-outgoing-6 >> "{"id":"0.2233846200180154-2","value":["a@g.com"]}"
2017-05-18 19:07:53,442 [DEBUG] org.apache.http.wire  - http-outgoing-6 << "HTTP/1.1 200 OK[\r][\n]"
2017-05-18 19:07:53,442 [DEBUG] org.apache.http.wire  - http-outgoing-6 << "Content-Length:72[\r][\n]"
2017-05-18 19:07:53,442 [DEBUG] org.apache.http.wire  - http-outgoing-6 << "Content-Type:application/json; charset=utf-8[\r][\n]"
2017-05-18 19:07:53,442 [DEBUG] org.apache.http.wire  - http-outgoing-6 << "Connection:close[\r][\n]"
2017-05-18 19:07:53,442 [DEBUG] org.apache.http.wire  - http-outgoing-6 << "[\r][\n]"
2017-05-18 19:07:53,442 [DEBUG] org.apache.http.wire  - http-outgoing-6 << "{"sessionId":"5f091bc2f8f483fbfc2c46069754bc34","status":0,"value":null}"
2017-05-18 19:07:53,442 [DEBUG] org.apache.http.headers  - http-outgoing-6 << HTTP/1.1 200 OK
2017-05-18 19:07:53,442 [DEBUG] org.apache.http.headers  - http-outgoing-6 << Content-Length:72
2017-05-18 19:07:53,442 [DEBUG] org.apache.http.headers  - http-outgoing-6 << Content-Type:application/json; charset=utf-8
2017-05-18 19:07:53,442 [DEBUG] org.apache.http.headers  - http-outgoing-6 << Connection:close
2017-05-18 19:07:53,442 [DEBUG] org.apache.http.impl.conn.DefaultManagedHttpClientConnection  - http-outgoing-6: Close connection
2017-05-18 19:07:53,443 [DEBUG] org.apache.http.impl.execchain.MainClientExec  - Connection discarded
2017-05-18 19:07:53,443 [DEBUG] org.apache.http.impl.conn.PoolingHttpClientConnectionManager  - Connection released: [id: 6][route: {}->http://localhost:23850][total kept alive: 0; route allocated: 0 of 2000; total allocated: 0 of 2000]
2017-05-18 19:07:53,445 [DEBUG] org.apache.http.client.protocol.RequestAddCookies  - CookieSpec selected: default
2017-05-18 19:07:53,445 [DEBUG] org.apache.http.client.protocol.RequestAuthCache  - Auth cache not set in the context
2017-05-18 19:07:53,445 [DEBUG] org.apache.http.impl.conn.PoolingHttpClientConnectionManager  - Connection request: [route: {}->http://localhost:23850][total kept alive: 0; route allocated: 0 of 2000; total allocated: 0 of 2000]
2017-05-18 19:07:53,445 [DEBUG] org.apache.http.impl.conn.PoolingHttpClientConnectionManager  - Connection leased: [id: 7][route: {}->http://localhost:23850][total kept alive: 0; route allocated: 1 of 2000; total allocated: 1 of 2000]
2017-05-18 19:07:53,445 [DEBUG] org.apache.http.impl.execchain.MainClientExec  - Opening connection {}->http://localhost:23850
2017-05-18 19:07:53,445 [DEBUG] org.apache.http.impl.conn.DefaultHttpClientConnectionOperator  - Connecting to localhost/127.0.0.1:23850
2017-05-18 19:07:53,446 [DEBUG] org.apache.http.impl.conn.DefaultHttpClientConnectionOperator  - Connection established 127.0.0.1:53777<->127.0.0.1:23850
2017-05-18 19:07:53,446 [DEBUG] org.apache.http.impl.conn.DefaultManagedHttpClientConnection  - http-outgoing-7: set socket timeout to 10800000
2017-05-18 19:07:53,446 [DEBUG] org.apache.http.impl.execchain.MainClientExec  - Executing request POST /session/5f091bc2f8f483fbfc2c46069754bc34/element HTTP/1.1
2017-05-18 19:07:53,446 [DEBUG] org.apache.http.impl.execchain.MainClientExec  - Target auth state: UNCHALLENGED
2017-05-18 19:07:53,446 [DEBUG] org.apache.http.impl.execchain.MainClientExec  - Proxy auth state: UNCHALLENGED
2017-05-18 19:07:53,446 [DEBUG] org.apache.http.headers  - http-outgoing-7 >> POST /session/5f091bc2f8f483fbfc2c46069754bc34/element HTTP/1.1
2017-05-18 19:07:53,446 [DEBUG] org.apache.http.headers  - http-outgoing-7 >> Content-Type: application/json; charset=utf-8
2017-05-18 19:07:53,446 [DEBUG] org.apache.http.headers  - http-outgoing-7 >> Content-Length: 51
2017-05-18 19:07:53,446 [DEBUG] org.apache.http.headers  - http-outgoing-7 >> Host: localhost:23850
2017-05-18 19:07:53,446 [DEBUG] org.apache.http.headers  - http-outgoing-7 >> Connection: Keep-Alive
2017-05-18 19:07:53,446 [DEBUG] org.apache.http.headers  - http-outgoing-7 >> User-Agent: Apache-HttpClient/4.5.2 (Java/1.8.0_131)
2017-05-18 19:07:53,446 [DEBUG] org.apache.http.headers  - http-outgoing-7 >> Accept-Encoding: gzip,deflate
2017-05-18 19:07:53,446 [DEBUG] org.apache.http.wire  - http-outgoing-7 >> "POST /session/5f091bc2f8f483fbfc2c46069754bc34/element HTTP/1.1[\r][\n]"
2017-05-18 19:07:53,446 [DEBUG] org.apache.http.wire  - http-outgoing-7 >> "Content-Type: application/json; charset=utf-8[\r][\n]"
2017-05-18 19:07:53,446 [DEBUG] org.apache.http.wire  - http-outgoing-7 >> "Content-Length: 51[\r][\n]"
2017-05-18 19:07:53,446 [DEBUG] org.apache.http.wire  - http-outgoing-7 >> "Host: localhost:23850[\r][\n]"
2017-05-18 19:07:53,446 [DEBUG] org.apache.http.wire  - http-outgoing-7 >> "Connection: Keep-Alive[\r][\n]"
2017-05-18 19:07:53,446 [DEBUG] org.apache.http.wire  - http-outgoing-7 >> "User-Agent: Apache-HttpClient/4.5.2 (Java/1.8.0_131)[\r][\n]"
2017-05-18 19:07:53,446 [DEBUG] org.apache.http.wire  - http-outgoing-7 >> "Accept-Encoding: gzip,deflate[\r][\n]"
2017-05-18 19:07:53,446 [DEBUG] org.apache.http.wire  - http-outgoing-7 >> "[\r][\n]"
2017-05-18 19:07:53,446 [DEBUG] org.apache.http.wire  - http-outgoing-7 >> "{"using":"xpath","value":".//*[@id='txtPassword']"}"
2017-05-18 19:07:53,478 [DEBUG] org.apache.http.wire  - http-outgoing-7 << "HTTP/1.1 200 OK[\r][\n]"
2017-05-18 19:07:53,479 [DEBUG] org.apache.http.wire  - http-outgoing-7 << "Content-Length:102[\r][\n]"
2017-05-18 19:07:53,479 [DEBUG] org.apache.http.wire  - http-outgoing-7 << "Content-Type:application/json; charset=utf-8[\r][\n]"
2017-05-18 19:07:53,479 [DEBUG] org.apache.http.wire  - http-outgoing-7 << "Connection:close[\r][\n]"
2017-05-18 19:07:53,479 [DEBUG] org.apache.http.wire  - http-outgoing-7 << "[\r][\n]"
2017-05-18 19:07:53,479 [DEBUG] org.apache.http.wire  - http-outgoing-7 << "{"sessionId":"5f091bc2f8f483fbfc2c46069754bc34","status":0,"value":{"ELEMENT":"0.2233846200180154-3"}}"
2017-05-18 19:07:53,479 [DEBUG] org.apache.http.headers  - http-outgoing-7 << HTTP/1.1 200 OK
2017-05-18 19:07:53,479 [DEBUG] org.apache.http.headers  - http-outgoing-7 << Content-Length:102
2017-05-18 19:07:53,479 [DEBUG] org.apache.http.headers  - http-outgoing-7 << Content-Type:application/json; charset=utf-8
2017-05-18 19:07:53,479 [DEBUG] org.apache.http.headers  - http-outgoing-7 << Connection:close
2017-05-18 19:07:53,479 [DEBUG] org.apache.http.impl.conn.DefaultManagedHttpClientConnection  - http-outgoing-7: Close connection
2017-05-18 19:07:53,479 [DEBUG] org.apache.http.impl.execchain.MainClientExec  - Connection discarded
2017-05-18 19:07:53,479 [DEBUG] org.apache.http.impl.conn.PoolingHttpClientConnectionManager  - Connection released: [id: 7][route: {}->http://localhost:23850][total kept alive: 0; route allocated: 0 of 2000; total allocated: 0 of 2000]
2017-05-18 19:07:53,483 [DEBUG] org.apache.http.client.protocol.RequestAddCookies  - CookieSpec selected: default
2017-05-18 19:07:53,483 [DEBUG] org.apache.http.client.protocol.RequestAuthCache  - Auth cache not set in the context
2017-05-18 19:07:53,483 [DEBUG] org.apache.http.impl.conn.PoolingHttpClientConnectionManager  - Connection request: [route: {}->http://localhost:23850][total kept alive: 0; route allocated: 0 of 2000; total allocated: 0 of 2000]
2017-05-18 19:07:53,483 [DEBUG] org.apache.http.impl.conn.PoolingHttpClientConnectionManager  - Connection leased: [id: 8][route: {}->http://localhost:23850][total kept alive: 0; route allocated: 1 of 2000; total allocated: 1 of 2000]
2017-05-18 19:07:53,483 [DEBUG] org.apache.http.impl.execchain.MainClientExec  - Opening connection {}->http://localhost:23850
2017-05-18 19:07:53,483 [DEBUG] org.apache.http.impl.conn.DefaultHttpClientConnectionOperator  - Connecting to localhost/127.0.0.1:23850
2017-05-18 19:07:53,483 [DEBUG] org.apache.http.impl.conn.DefaultHttpClientConnectionOperator  - Connection established 127.0.0.1:53778<->127.0.0.1:23850
2017-05-18 19:07:53,484 [DEBUG] org.apache.http.impl.conn.DefaultManagedHttpClientConnection  - http-outgoing-8: set socket timeout to 10800000
2017-05-18 19:07:53,484 [DEBUG] org.apache.http.impl.execchain.MainClientExec  - Executing request POST /session/5f091bc2f8f483fbfc2c46069754bc34/element/0.2233846200180154-3/value HTTP/1.1
2017-05-18 19:07:53,484 [DEBUG] org.apache.http.impl.execchain.MainClientExec  - Target auth state: UNCHALLENGED
2017-05-18 19:07:53,484 [DEBUG] org.apache.http.impl.execchain.MainClientExec  - Proxy auth state: UNCHALLENGED
2017-05-18 19:07:53,484 [DEBUG] org.apache.http.headers  - http-outgoing-8 >> POST /session/5f091bc2f8f483fbfc2c46069754bc34/element/0.2233846200180154-3/value HTTP/1.1
2017-05-18 19:07:53,484 [DEBUG] org.apache.http.headers  - http-outgoing-8 >> Content-Type: application/json; charset=utf-8
2017-05-18 19:07:53,484 [DEBUG] org.apache.http.headers  - http-outgoing-8 >> Content-Length: 51
2017-05-18 19:07:53,484 [DEBUG] org.apache.http.headers  - http-outgoing-8 >> Host: localhost:23850
2017-05-18 19:07:53,484 [DEBUG] org.apache.http.headers  - http-outgoing-8 >> Connection: Keep-Alive
2017-05-18 19:07:53,485 [DEBUG] org.apache.http.headers  - http-outgoing-8 >> User-Agent: Apache-HttpClient/4.5.2 (Java/1.8.0_131)
2017-05-18 19:07:53,485 [DEBUG] org.apache.http.headers  - http-outgoing-8 >> Accept-Encoding: gzip,deflate
2017-05-18 19:07:53,485 [DEBUG] org.apache.http.wire  - http-outgoing-8 >> "POST /session/5f091bc2f8f483fbfc2c46069754bc34/element/0.2233846200180154-3/value HTTP/1.1[\r][\n]"
2017-05-18 19:07:53,485 [DEBUG] org.apache.http.wire  - http-outgoing-8 >> "Content-Type: application/json; charset=utf-8[\r][\n]"
2017-05-18 19:07:53,485 [DEBUG] org.apache.http.wire  - http-outgoing-8 >> "Content-Length: 51[\r][\n]"
2017-05-18 19:07:53,485 [DEBUG] org.apache.http.wire  - http-outgoing-8 >> "Host: localhost:23850[\r][\n]"
2017-05-18 19:07:53,485 [DEBUG] org.apache.http.wire  - http-outgoing-8 >> "Connection: Keep-Alive[\r][\n]"
2017-05-18 19:07:53,485 [DEBUG] org.apache.http.wire  - http-outgoing-8 >> "User-Agent: Apache-HttpClient/4.5.2 (Java/1.8.0_131)[\r][\n]"
2017-05-18 19:07:53,485 [DEBUG] org.apache.http.wire  - http-outgoing-8 >> "Accept-Encoding: gzip,deflate[\r][\n]"
2017-05-18 19:07:53,485 [DEBUG] org.apache.http.wire  - http-outgoing-8 >> "[\r][\n]"
2017-05-18 19:07:53,485 [DEBUG] org.apache.http.wire  - http-outgoing-8 >> "{"id":"0.2233846200180154-3","value":["Autodcr@1"]}"
2017-05-18 19:07:53,619 [DEBUG] org.apache.http.wire  - http-outgoing-8 << "HTTP/1.1 200 OK[\r][\n]"
2017-05-18 19:07:53,619 [DEBUG] org.apache.http.wire  - http-outgoing-8 << "Content-Length:72[\r][\n]"
2017-05-18 19:07:53,620 [DEBUG] org.apache.http.wire  - http-outgoing-8 << "Content-Type:application/json; charset=utf-8[\r][\n]"
2017-05-18 19:07:53,620 [DEBUG] org.apache.http.wire  - http-outgoing-8 << "Connection:close[\r][\n]"
2017-05-18 19:07:53,620 [DEBUG] org.apache.http.wire  - http-outgoing-8 << "[\r][\n]"
2017-05-18 19:07:53,620 [DEBUG] org.apache.http.wire  - http-outgoing-8 << "{"sessionId":"5f091bc2f8f483fbfc2c46069754bc34","status":0,"value":null}"
2017-05-18 19:07:53,620 [DEBUG] org.apache.http.headers  - http-outgoing-8 << HTTP/1.1 200 OK
2017-05-18 19:07:53,620 [DEBUG] org.apache.http.headers  - http-outgoing-8 << Content-Length:72
2017-05-18 19:07:53,620 [DEBUG] org.apache.http.headers  - http-outgoing-8 << Content-Type:application/json; charset=utf-8
2017-05-18 19:07:53,620 [DEBUG] org.apache.http.headers  - http-outgoing-8 << Connection:close
2017-05-18 19:07:53,620 [DEBUG] org.apache.http.impl.conn.DefaultManagedHttpClientConnection  - http-outgoing-8: Close connection
2017-05-18 19:07:53,620 [DEBUG] org.apache.http.impl.execchain.MainClientExec  - Connection discarded
2017-05-18 19:07:53,620 [DEBUG] org.apache.http.impl.conn.PoolingHttpClientConnectionManager  - Connection released: [id: 8][route: {}->http://localhost:23850][total kept alive: 0; route allocated: 0 of 2000; total allocated: 0 of 2000]
2017-05-18 19:07:53,622 [DEBUG] org.apache.http.client.protocol.RequestAddCookies  - CookieSpec selected: default
2017-05-18 19:07:53,622 [DEBUG] org.apache.http.client.protocol.RequestAuthCache  - Auth cache not set in the context
2017-05-18 19:07:53,622 [DEBUG] org.apache.http.impl.conn.PoolingHttpClientConnectionManager  - Connection request: [route: {}->http://localhost:23850][total kept alive: 0; route allocated: 0 of 2000; total allocated: 0 of 2000]
2017-05-18 19:07:53,622 [DEBUG] org.apache.http.impl.conn.PoolingHttpClientConnectionManager  - Connection leased: [id: 9][route: {}->http://localhost:23850][total kept alive: 0; route allocated: 1 of 2000; total allocated: 1 of 2000]
2017-05-18 19:07:53,622 [DEBUG] org.apache.http.impl.execchain.MainClientExec  - Opening connection {}->http://localhost:23850
2017-05-18 19:07:53,622 [DEBUG] org.apache.http.impl.conn.DefaultHttpClientConnectionOperator  - Connecting to localhost/127.0.0.1:23850
2017-05-18 19:07:53,623 [DEBUG] org.apache.http.impl.conn.DefaultHttpClientConnectionOperator  - Connection established 127.0.0.1:53779<->127.0.0.1:23850
2017-05-18 19:07:53,623 [DEBUG] org.apache.http.impl.conn.DefaultManagedHttpClientConnection  - http-outgoing-9: set socket timeout to 10800000
2017-05-18 19:07:53,623 [DEBUG] org.apache.http.impl.execchain.MainClientExec  - Executing request POST /session/5f091bc2f8f483fbfc2c46069754bc34/element HTTP/1.1
2017-05-18 19:07:53,623 [DEBUG] org.apache.http.impl.execchain.MainClientExec  - Target auth state: UNCHALLENGED
2017-05-18 19:07:53,623 [DEBUG] org.apache.http.impl.execchain.MainClientExec  - Proxy auth state: UNCHALLENGED
2017-05-18 19:07:53,623 [DEBUG] org.apache.http.headers  - http-outgoing-9 >> POST /session/5f091bc2f8f483fbfc2c46069754bc34/element HTTP/1.1
2017-05-18 19:07:53,623 [DEBUG] org.apache.http.headers  - http-outgoing-9 >> Content-Type: application/json; charset=utf-8
2017-05-18 19:07:53,623 [DEBUG] org.apache.http.headers  - http-outgoing-9 >> Content-Length: 48
2017-05-18 19:07:53,623 [DEBUG] org.apache.http.headers  - http-outgoing-9 >> Host: localhost:23850
2017-05-18 19:07:53,623 [DEBUG] org.apache.http.headers  - http-outgoing-9 >> Connection: Keep-Alive
2017-05-18 19:07:53,623 [DEBUG] org.apache.http.headers  - http-outgoing-9 >> User-Agent: Apache-HttpClient/4.5.2 (Java/1.8.0_131)
2017-05-18 19:07:53,623 [DEBUG] org.apache.http.headers  - http-outgoing-9 >> Accept-Encoding: gzip,deflate
2017-05-18 19:07:53,623 [DEBUG] org.apache.http.wire  - http-outgoing-9 >> "POST /session/5f091bc2f8f483fbfc2c46069754bc34/element HTTP/1.1[\r][\n]"
2017-05-18 19:07:53,624 [DEBUG] org.apache.http.wire  - http-outgoing-9 >> "Content-Type: application/json; charset=utf-8[\r][\n]"
2017-05-18 19:07:53,624 [DEBUG] org.apache.http.wire  - http-outgoing-9 >> "Content-Length: 48[\r][\n]"
2017-05-18 19:07:53,624 [DEBUG] org.apache.http.wire  - http-outgoing-9 >> "Host: localhost:23850[\r][\n]"
2017-05-18 19:07:53,624 [DEBUG] org.apache.http.wire  - http-outgoing-9 >> "Connection: Keep-Alive[\r][\n]"
2017-05-18 19:07:53,624 [DEBUG] org.apache.http.wire  - http-outgoing-9 >> "User-Agent: Apache-HttpClient/4.5.2 (Java/1.8.0_131)[\r][\n]"
2017-05-18 19:07:53,624 [DEBUG] org.apache.http.wire  - http-outgoing-9 >> "Accept-Encoding: gzip,deflate[\r][\n]"
2017-05-18 19:07:53,624 [DEBUG] org.apache.http.wire  - http-outgoing-9 >> "[\r][\n]"
2017-05-18 19:07:53,624 [DEBUG] org.apache.http.wire  - http-outgoing-9 >> "{"using":"xpath","value":".//*[@id='btnLogin']"}"
2017-05-18 19:07:53,654 [DEBUG] org.apache.http.wire  - http-outgoing-9 << "HTTP/1.1 200 OK[\r][\n]"
2017-05-18 19:07:53,654 [DEBUG] org.apache.http.wire  - http-outgoing-9 << "Content-Length:102[\r][\n]"
2017-05-18 19:07:53,654 [DEBUG] org.apache.http.wire  - http-outgoing-9 << "Content-Type:application/json; charset=utf-8[\r][\n]"
2017-05-18 19:07:53,654 [DEBUG] org.apache.http.wire  - http-outgoing-9 << "Connection:close[\r][\n]"
2017-05-18 19:07:53,654 [DEBUG] org.apache.http.wire  - http-outgoing-9 << "[\r][\n]"
2017-05-18 19:07:53,654 [DEBUG] org.apache.http.wire  - http-outgoing-9 << "{"sessionId":"5f091bc2f8f483fbfc2c46069754bc34","status":0,"value":{"ELEMENT":"0.2233846200180154-4"}}"
2017-05-18 19:07:53,654 [DEBUG] org.apache.http.headers  - http-outgoing-9 << HTTP/1.1 200 OK
2017-05-18 19:07:53,654 [DEBUG] org.apache.http.headers  - http-outgoing-9 << Content-Length:102
2017-05-18 19:07:53,654 [DEBUG] org.apache.http.headers  - http-outgoing-9 << Content-Type:application/json; charset=utf-8
2017-05-18 19:07:53,654 [DEBUG] org.apache.http.headers  - http-outgoing-9 << Connection:close
2017-05-18 19:07:53,654 [DEBUG] org.apache.http.impl.conn.DefaultManagedHttpClientConnection  - http-outgoing-9: Close connection
2017-05-18 19:07:53,654 [DEBUG] org.apache.http.impl.execchain.MainClientExec  - Connection discarded
2017-05-18 19:07:53,655 [DEBUG] org.apache.http.impl.conn.PoolingHttpClientConnectionManager  - Connection released: [id: 9][route: {}->http://localhost:23850][total kept alive: 0; route allocated: 0 of 2000; total allocated: 0 of 2000]
2017-05-18 19:07:53,657 [DEBUG] org.apache.http.client.protocol.RequestAddCookies  - CookieSpec selected: default
2017-05-18 19:07:53,658 [DEBUG] org.apache.http.client.protocol.RequestAuthCache  - Auth cache not set in the context
2017-05-18 19:07:53,658 [DEBUG] org.apache.http.impl.conn.PoolingHttpClientConnectionManager  - Connection request: [route: {}->http://localhost:23850][total kept alive: 0; route allocated: 0 of 2000; total allocated: 0 of 2000]
2017-05-18 19:07:53,658 [DEBUG] org.apache.http.impl.conn.PoolingHttpClientConnectionManager  - Connection leased: [id: 10][route: {}->http://localhost:23850][total kept alive: 0; route allocated: 1 of 2000; total allocated: 1 of 2000]
2017-05-18 19:07:53,658 [DEBUG] org.apache.http.impl.execchain.MainClientExec  - Opening connection {}->http://localhost:23850
2017-05-18 19:07:53,658 [DEBUG] org.apache.http.impl.conn.DefaultHttpClientConnectionOperator  - Connecting to localhost/127.0.0.1:23850
2017-05-18 19:07:53,659 [DEBUG] org.apache.http.impl.conn.DefaultHttpClientConnectionOperator  - Connection established 127.0.0.1:53780<->127.0.0.1:23850
2017-05-18 19:07:53,659 [DEBUG] org.apache.http.impl.conn.DefaultManagedHttpClientConnection  - http-outgoing-10: set socket timeout to 10800000
2017-05-18 19:07:53,659 [DEBUG] org.apache.http.impl.execchain.MainClientExec  - Executing request POST /session/5f091bc2f8f483fbfc2c46069754bc34/element/0.2233846200180154-4/click HTTP/1.1
2017-05-18 19:07:53,659 [DEBUG] org.apache.http.impl.execchain.MainClientExec  - Target auth state: UNCHALLENGED
2017-05-18 19:07:53,659 [DEBUG] org.apache.http.impl.execchain.MainClientExec  - Proxy auth state: UNCHALLENGED
2017-05-18 19:07:53,659 [DEBUG] org.apache.http.headers  - http-outgoing-10 >> POST /session/5f091bc2f8f483fbfc2c46069754bc34/element/0.2233846200180154-4/click HTTP/1.1
2017-05-18 19:07:53,659 [DEBUG] org.apache.http.headers  - http-outgoing-10 >> Content-Type: application/json; charset=utf-8
2017-05-18 19:07:53,659 [DEBUG] org.apache.http.headers  - http-outgoing-10 >> Content-Length: 29
2017-05-18 19:07:53,659 [DEBUG] org.apache.http.headers  - http-outgoing-10 >> Host: localhost:23850
2017-05-18 19:07:53,659 [DEBUG] org.apache.http.headers  - http-outgoing-10 >> Connection: Keep-Alive
2017-05-18 19:07:53,659 [DEBUG] org.apache.http.headers  - http-outgoing-10 >> User-Agent: Apache-HttpClient/4.5.2 (Java/1.8.0_131)
2017-05-18 19:07:53,659 [DEBUG] org.apache.http.headers  - http-outgoing-10 >> Accept-Encoding: gzip,deflate
2017-05-18 19:07:53,659 [DEBUG] org.apache.http.wire  - http-outgoing-10 >> "POST /session/5f091bc2f8f483fbfc2c46069754bc34/element/0.2233846200180154-4/click HTTP/1.1[\r][\n]"
2017-05-18 19:07:53,659 [DEBUG] org.apache.http.wire  - http-outgoing-10 >> "Content-Type: application/json; charset=utf-8[\r][\n]"
2017-05-18 19:07:53,659 [DEBUG] org.apache.http.wire  - http-outgoing-10 >> "Content-Length: 29[\r][\n]"
2017-05-18 19:07:53,659 [DEBUG] org.apache.http.wire  - http-outgoing-10 >> "Host: localhost:23850[\r][\n]"
2017-05-18 19:07:53,659 [DEBUG] org.apache.http.wire  - http-outgoing-10 >> "Connection: Keep-Alive[\r][\n]"
2017-05-18 19:07:53,659 [DEBUG] org.apache.http.wire  - http-outgoing-10 >> "User-Agent: Apache-HttpClient/4.5.2 (Java/1.8.0_131)[\r][\n]"
2017-05-18 19:07:53,659 [DEBUG] org.apache.http.wire  - http-outgoing-10 >> "Accept-Encoding: gzip,deflate[\r][\n]"
2017-05-18 19:07:53,659 [DEBUG] org.apache.http.wire  - http-outgoing-10 >> "[\r][\n]"
2017-05-18 19:07:53,659 [DEBUG] org.apache.http.wire  - http-outgoing-10 >> "{"id":"0.2233846200180154-4"}"
2017-05-18 19:07:56,386 [DEBUG] org.apache.http.wire  - http-outgoing-10 << "HTTP/1.1 200 OK[\r][\n]"
2017-05-18 19:07:56,386 [DEBUG] org.apache.http.wire  - http-outgoing-10 << "Content-Length:72[\r][\n]"
2017-05-18 19:07:56,386 [DEBUG] org.apache.http.wire  - http-outgoing-10 << "Content-Type:application/json; charset=utf-8[\r][\n]"
2017-05-18 19:07:56,386 [DEBUG] org.apache.http.wire  - http-outgoing-10 << "Connection:close[\r][\n]"
2017-05-18 19:07:56,386 [DEBUG] org.apache.http.wire  - http-outgoing-10 << "[\r][\n]"
2017-05-18 19:07:56,386 [DEBUG] org.apache.http.wire  - http-outgoing-10 << "{"sessionId":"5f091bc2f8f483fbfc2c46069754bc34","status":0,"value":null}"
2017-05-18 19:07:56,386 [DEBUG] org.apache.http.headers  - http-outgoing-10 << HTTP/1.1 200 OK
2017-05-18 19:07:56,386 [DEBUG] org.apache.http.headers  - http-outgoing-10 << Content-Length:72
2017-05-18 19:07:56,386 [DEBUG] org.apache.http.headers  - http-outgoing-10 << Content-Type:application/json; charset=utf-8
2017-05-18 19:07:56,386 [DEBUG] org.apache.http.headers  - http-outgoing-10 << Connection:close
2017-05-18 19:07:56,386 [DEBUG] org.apache.http.impl.conn.DefaultManagedHttpClientConnection  - http-outgoing-10: Close connection
2017-05-18 19:07:56,386 [DEBUG] org.apache.http.impl.execchain.MainClientExec  - Connection discarded
2017-05-18 19:07:56,386 [DEBUG] org.apache.http.impl.conn.PoolingHttpClientConnectionManager  - Connection released: [id: 10][route: {}->http://localhost:23850][total kept alive: 0; route allocated: 0 of 2000; total allocated: 0 of 2000]
